c:\users\carpe\documents\git\chuck-math.sh\src\visual-studio\chuck\x64\debug\vc143.pdb
c:\users\carpe\documents\git\chuck-math.sh\src\visual-studio\chuck\x64\debug\vc143.idb
c:\users\carpe\documents\git\chuck-math.sh\src\visual-studio\chuck\x64\debug\chuck_symbol.obj
c:\users\carpe\documents\git\chuck-math.sh\src\visual-studio\chuck\x64\debug\chuck_stats.obj
c:\users\carpe\documents\git\chuck-math.sh\src\visual-studio\chuck\x64\debug\chuck_shell.obj
c:\users\carpe\documents\git\chuck-math.sh\src\visual-studio\chuck\x64\debug\chuck_scan.obj
c:\users\carpe\documents\git\chuck-math.sh\src\visual-studio\chuck\x64\debug\chuck_parse.obj
c:\users\carpe\documents\git\chuck-math.sh\src\visual-studio\chuck\x64\debug\chuck_otf.obj
c:\users\carpe\documents\git\chuck-math.sh\src\visual-studio\chuck\x64\debug\chuck_oo.obj
c:\users\carpe\documents\git\chuck-math.sh\src\visual-studio\chuck\x64\debug\chuck_lang.obj
c:\users\carpe\documents\git\chuck-math.sh\src\visual-studio\chuck\x64\debug\chuck_io.obj
c:\users\carpe\documents\git\chuck-math.sh\src\visual-studio\chuck\x64\debug\chuck_instr.obj
c:\users\carpe\documents\git\chuck-math.sh\src\visual-studio\chuck\x64\debug\chuck_frame.obj
c:\users\carpe\documents\git\chuck-math.sh\src\visual-studio\chuck\x64\debug\chuck_errmsg.obj
c:\users\carpe\documents\git\chuck-math.sh\src\visual-studio\chuck\x64\debug\chuck_emit.obj
c:\users\carpe\documents\git\chuck-math.sh\src\visual-studio\chuck\x64\debug\chuck_dl.obj
c:\users\carpe\documents\git\chuck-math.sh\src\visual-studio\chuck\x64\debug\util_platforms.obj
c:\users\carpe\documents\git\chuck-math.sh\src\visual-studio\chuck\x64\debug\chuck_globals.obj
c:\users\carpe\documents\git\chuck-math.sh\src\visual-studio\chuck\x64\debug\chuck_compile.obj
c:\users\carpe\documents\git\chuck-math.sh\src\visual-studio\chuck\x64\debug\chuck_carrier.obj
c:\users\carpe\documents\git\chuck-math.sh\src\visual-studio\chuck\x64\debug\chuck_absyn.obj
c:\users\carpe\documents\git\chuck-math.sh\src\visual-studio\chuck\x64\debug\chuck.obj
c:\users\carpe\documents\git\chuck-math.sh\src\visual-studio\chuck\x64\debug\util_console.obj
c:\users\carpe\documents\git\chuck-math.sh\src\visual-studio\chuck\x64\debug\util_buffers.obj
c:\users\carpe\documents\git\chuck-math.sh\src\visual-studio\chuck\x64\debug\ulib_std.obj
c:\users\carpe\documents\git\chuck-math.sh\src\visual-studio\chuck\x64\debug\ulib_opsc.obj
c:\users\carpe\documents\git\chuck-math.sh\src\visual-studio\chuck\x64\debug\ulib_math.obj
c:\users\carpe\documents\git\chuck-math.sh\src\visual-studio\chuck\x64\debug\ulib_machine.obj
c:\users\carpe\documents\git\chuck-math.sh\src\visual-studio\chuck\x64\debug\ulib_doc.obj
c:\users\carpe\documents\git\chuck-math.sh\src\visual-studio\chuck\x64\debug\ulib_ai.obj
c:\users\carpe\documents\git\chuck-math.sh\src\visual-studio\chuck\x64\debug\ugen_xxx.obj
c:\users\carpe\documents\git\chuck-math.sh\src\visual-studio\chuck\x64\debug\ugen_stk.obj
c:\users\carpe\documents\git\chuck-math.sh\src\visual-studio\chuck\x64\debug\ugen_osc.obj
c:\users\carpe\documents\git\chuck-math.sh\src\visual-studio\chuck\x64\debug\ugen_filter.obj
c:\users\carpe\documents\git\chuck-math.sh\src\visual-studio\chuck\x64\debug\uana_xform.obj
c:\users\carpe\documents\git\chuck-math.sh\src\visual-studio\chuck\x64\debug\uana_extract.obj
c:\users\carpe\documents\git\chuck-math.sh\src\visual-studio\chuck\x64\debug\rtmidi.obj
c:\users\carpe\documents\git\chuck-math.sh\src\visual-studio\chuck\x64\debug\midiio_rtmidi.obj
c:\users\carpe\documents\git\chuck-math.sh\src\visual-studio\chuck\x64\debug\hidio_sdl.obj
c:\users\carpe\documents\git\chuck-math.sh\src\visual-studio\chuck\x64\debug\chuck_vm.obj
c:\users\carpe\documents\git\chuck-math.sh\src\visual-studio\chuck\x64\debug\chuck_ugen.obj
c:\users\carpe\documents\git\chuck-math.sh\src\visual-studio\chuck\x64\debug\chuck_table.obj
c:\users\carpe\documents\git\chuck-math.sh\src\visual-studio\chuck\x64\debug\rtaudio.obj
c:\users\carpe\documents\git\chuck-math.sh\src\visual-studio\chuck\x64\debug\iasiothiscallresolver.obj
c:\users\carpe\documents\git\chuck-math.sh\src\visual-studio\chuck\x64\debug\asiolist.obj
c:\users\carpe\documents\git\chuck-math.sh\src\visual-studio\chuck\x64\debug\asiodrivers.obj
c:\users\carpe\documents\git\chuck-math.sh\src\visual-studio\chuck\x64\debug\asio.obj
c:\users\carpe\documents\git\chuck-math.sh\src\visual-studio\chuck\x64\debug\util_thread.obj
c:\users\carpe\documents\git\chuck-math.sh\src\visual-studio\chuck\x64\debug\util_string.obj
c:\users\carpe\documents\git\chuck-math.sh\src\visual-studio\chuck\x64\debug\util_serial.obj
c:\users\carpe\documents\git\chuck-math.sh\src\visual-studio\chuck\x64\debug\util_opsc.obj
c:\users\carpe\documents\git\chuck-math.sh\src\visual-studio\chuck\x64\debug\util_math.obj
c:\users\carpe\documents\git\chuck-math.sh\src\visual-studio\chuck\x64\debug\util_hid.obj
c:\users\carpe\documents\git\chuck-math.sh\src\visual-studio\chuck\x64\debug\chuck_main.obj
c:\users\carpe\documents\git\chuck-math.sh\src\visual-studio\chuck\x64\debug\chuck_console.obj
c:\users\carpe\documents\git\chuck-math.sh\src\visual-studio\chuck\x64\debug\chuck_audio.obj
c:\users\carpe\documents\git\chuck-math.sh\src\visual-studio\chuck\x64\debug\chuck_type.obj
c:\users\carpe\documents\git\chuck-math.sh\src\visual-studio\chuck\x64\debug\util_xforms.obj
c:\users\carpe\documents\git\chuck-math.sh\src\visual-studio\chuck\x64\debug\util_sndfile.obj
c:\users\carpe\documents\git\chuck-math.sh\src\visual-studio\chuck\x64\debug\util_raw.obj
c:\users\carpe\documents\git\chuck-math.sh\src\visual-studio\chuck\x64\debug\util_network.obj
c:\users\carpe\documents\git\chuck-math.sh\src\visual-studio\chuck\x64\debug\chuck_yacc.obj
c:\users\carpe\documents\git\chuck-math.sh\src\visual-studio\chuck\x64\debug\timetag.obj
c:\users\carpe\documents\git\chuck-math.sh\src\visual-studio\chuck\x64\debug\server.obj
c:\users\carpe\documents\git\chuck-math.sh\src\visual-studio\chuck\x64\debug\send.obj
c:\users\carpe\documents\git\chuck-math.sh\src\visual-studio\chuck\x64\debug\pattern_match.obj
c:\users\carpe\documents\git\chuck-math.sh\src\visual-studio\chuck\x64\debug\method.obj
c:\users\carpe\documents\git\chuck-math.sh\src\visual-studio\chuck\x64\debug\message.obj
c:\users\carpe\documents\git\chuck-math.sh\src\visual-studio\chuck\x64\debug\bundle.obj
c:\users\carpe\documents\git\chuck-math.sh\src\visual-studio\chuck\x64\debug\blob.obj
c:\users\carpe\documents\git\chuck-math.sh\src\visual-studio\chuck\x64\debug\address.obj
c:\users\carpe\documents\git\chuck-math.sh\src\visual-studio\x64\debug\chuck.exe
c:\users\carpe\documents\git\chuck-math.sh\src\visual-studio\x64\debug\chuck.pdb
c:\users\carpe\documents\git\chuck-math.sh\src\visual-studio\x64\debug\chuck.lib
c:\users\carpe\documents\git\chuck-math.sh\src\visual-studio\x64\debug\chuck.exp
c:\users\carpe\documents\git\chuck-math.sh\src\visual-studio\chuck\x64\debug\chuck.tlog\cl.command.1.tlog
c:\users\carpe\documents\git\chuck-math.sh\src\visual-studio\chuck\x64\debug\chuck.tlog\cl.items.tlog
c:\users\carpe\documents\git\chuck-math.sh\src\visual-studio\chuck\x64\debug\chuck.tlog\cl.read.1.tlog
c:\users\carpe\documents\git\chuck-math.sh\src\visual-studio\chuck\x64\debug\chuck.tlog\cl.write.1.tlog
c:\users\carpe\documents\git\chuck-math.sh\src\visual-studio\chuck\x64\debug\chuck.tlog\link.command.1.tlog
c:\users\carpe\documents\git\chuck-math.sh\src\visual-studio\chuck\x64\debug\chuck.tlog\link.read.1.tlog
c:\users\carpe\documents\git\chuck-math.sh\src\visual-studio\chuck\x64\debug\chuck.tlog\link.secondary.1.tlog
c:\users\carpe\documents\git\chuck-math.sh\src\visual-studio\chuck\x64\debug\chuck.tlog\link.write.1.tlog
