  chuck.cpp
  chuck_absyn.cpp
  chuck_carrier.cpp
  chuck_compile.cpp
  chuck_dl.cpp
  chuck_emit.cpp
  chuck_errmsg.cpp
  chuck_frame.cpp
  chuck_instr.cpp
  chuck_io.cpp
  chuck_oo.cpp
  chuck_otf.cpp
  chuck_parse.cpp
  chuck_table.cpp
  chuck_ugen.cpp
  chuck_vm.cpp
  hidio_sdl.cpp
  uana_extract.cpp
  uana_xform.cpp
  ugen_stk.cpp
  Generating Code...
  Compiling...
  ugen_xxx.cpp
  ulib_ai.cpp
  ulib_doc.cpp
  ulib_machine.cpp
  ulib_math.cpp
  ulib_opsc.cpp
  ulib_std.cpp
  util_buffers.cpp
  util_math.cpp
  util_thread.cpp
  Generating Code...
  chuck_audio.cpp
  chuck_console.cpp
  chuck_main.cpp
  Generating Code...
  chuck_type.cpp
  chuck_yacc.c
\chuck.tab.c(589,7): warning C4273: 'malloc': inconsistent dll linkage
  (compiling source file '../core/chuck_yacc.c')
      C:\Program Files (x86)\Windows Kits\10\Include\10.0.26100.0\ucrt\corecrt_malloc.h(101,15):
      see previous definition of 'malloc'
  
\chuck.tab.c(596,6): warning C4273: 'free': inconsistent dll linkage
  (compiling source file '../core/chuck_yacc.c')
      C:\Program Files (x86)\Windows Kits\10\Include\10.0.26100.0\ucrt\corecrt_malloc.h(89,14):
      see previous definition of 'free'
  
\chuck.lex(206,22): warning C4477: 'fprintf' : format string '%ld' requires an argument of type 'long', but variadic argument 1 has type '__int64'
  (compiling source file '../core/chuck_yacc.c')
      /chuck.lex(206,22):
      consider using '%lld' in the format string
      /chuck.lex(206,22):
      consider using '%Id' in the format string
      /chuck.lex(206,22):
      consider using '%I64d' in the format string
  
\chuck.yy.c(1292,1): warning C4267: '=': conversion from 'size_t' to 'int', possible loss of data
  (compiling source file '../core/chuck_yacc.c')
  
\chuck.lex(284,1): warning C4267: '=': conversion from 'size_t' to 'int', possible loss of data
  (compiling source file '../core/chuck_yacc.c')
  
\chuck.lex(285,1): warning C4267: '=': conversion from 'size_t' to 'int', possible loss of data
  (compiling source file '../core/chuck_yacc.c')
  
\chuck.lex(286,1): warning C4267: '=': conversion from 'size_t' to 'int', possible loss of data
  (compiling source file '../core/chuck_yacc.c')
  
\chuck.lex(288,1): warning C4267: '=': conversion from 'size_t' to 'int', possible loss of data
  (compiling source file '../core/chuck_yacc.c')
  
\chuck.lex(289,1): warning C4267: '=': conversion from 'size_t' to 'int', possible loss of data
  (compiling source file '../core/chuck_yacc.c')
  
\chuck.lex(289,1): warning C4267: '=': conversion from 'size_t' to 'int', possible loss of data
  (compiling source file '../core/chuck_yacc.c')
  
\chuck.lex(291,1): warning C4267: '=': conversion from 'size_t' to 'int', possible loss of data
  (compiling source file '../core/chuck_yacc.c')
  
\chuck.lex(292,1): warning C4267: '=': conversion from 'size_t' to 'int', possible loss of data
  (compiling source file '../core/chuck_yacc.c')
  
\chuck.lex(293,1): warning C4267: '=': conversion from 'size_t' to 'int', possible loss of data
  (compiling source file '../core/chuck_yacc.c')
  
\chuck.lex(294,1): warning C4267: '=': conversion from 'size_t' to 'int', possible loss of data
  (compiling source file '../core/chuck_yacc.c')
  
\chuck.lex(295,1): warning C4267: '=': conversion from 'size_t' to 'int', possible loss of data
  (compiling source file '../core/chuck_yacc.c')
  
\chuck.lex(297,1): warning C4267: '=': conversion from 'size_t' to 'int', possible loss of data
  (compiling source file '../core/chuck_yacc.c')
  
\chuck.lex(298,1): warning C4267: '=': conversion from 'size_t' to 'int', possible loss of data
  (compiling source file '../core/chuck_yacc.c')
  
\chuck.lex(299,1): warning C4267: '=': conversion from 'size_t' to 'int', possible loss of data
  (compiling source file '../core/chuck_yacc.c')
  
\chuck.lex(300,1): warning C4267: '=': conversion from 'size_t' to 'int', possible loss of data
  (compiling source file '../core/chuck_yacc.c')
  
\chuck.lex(301,1): warning C4267: '=': conversion from 'size_t' to 'int', possible loss of data
  (compiling source file '../core/chuck_yacc.c')
  
\chuck.lex(302,1): warning C4267: '=': conversion from 'size_t' to 'int', possible loss of data
  (compiling source file '../core/chuck_yacc.c')
  
\chuck.lex(303,1): warning C4267: '=': conversion from 'size_t' to 'int', possible loss of data
  (compiling source file '../core/chuck_yacc.c')
  
\chuck.lex(304,1): warning C4267: '=': conversion from 'size_t' to 'int', possible loss of data
  (compiling source file '../core/chuck_yacc.c')
  
\chuck.lex(305,1): warning C4267: '=': conversion from 'size_t' to 'int', possible loss of data
  (compiling source file '../core/chuck_yacc.c')
  
\chuck.lex(306,1): warning C4267: '=': conversion from 'size_t' to 'int', possible loss of data
  (compiling source file '../core/chuck_yacc.c')
  
\chuck.lex(308,1): warning C4267: '=': conversion from 'size_t' to 'int', possible loss of data
  (compiling source file '../core/chuck_yacc.c')
  
\chuck.lex(309,1): warning C4267: '=': conversion from 'size_t' to 'int', possible loss of data
  (compiling source file '../core/chuck_yacc.c')
  
\chuck.lex(310,1): warning C4267: '=': conversion from 'size_t' to 'int', possible loss of data
  (compiling source file '../core/chuck_yacc.c')
  
\chuck.lex(311,1): warning C4267: '=': conversion from 'size_t' to 'int', possible loss of data
  (compiling source file '../core/chuck_yacc.c')
  
\chuck.lex(312,1): warning C4267: '=': conversion from 'size_t' to 'int', possible loss of data
  (compiling source file '../core/chuck_yacc.c')
  
\chuck.lex(313,1): warning C4267: '=': conversion from 'size_t' to 'int', possible loss of data
  (compiling source file '../core/chuck_yacc.c')
  
\chuck.lex(314,1): warning C4267: '=': conversion from 'size_t' to 'int', possible loss of data
  (compiling source file '../core/chuck_yacc.c')
  
\chuck.lex(315,1): warning C4267: '=': conversion from 'size_t' to 'int', possible loss of data
  (compiling source file '../core/chuck_yacc.c')
  
\chuck.lex(316,1): warning C4267: '=': conversion from 'size_t' to 'int', possible loss of data
  (compiling source file '../core/chuck_yacc.c')
  
\chuck.lex(317,1): warning C4267: '=': conversion from 'size_t' to 'int', possible loss of data
  (compiling source file '../core/chuck_yacc.c')
  
\chuck.lex(318,1): warning C4267: '=': conversion from 'size_t' to 'int', possible loss of data
  (compiling source file '../core/chuck_yacc.c')
  
\chuck.lex(319,1): warning C4267: '=': conversion from 'size_t' to 'int', possible loss of data
  (compiling source file '../core/chuck_yacc.c')
  
\chuck.lex(320,1): warning C4267: '=': conversion from 'size_t' to 'int', possible loss of data
  (compiling source file '../core/chuck_yacc.c')
  
\chuck.lex(321,1): warning C4267: '=': conversion from 'size_t' to 'int', possible loss of data
  (compiling source file '../core/chuck_yacc.c')
  
\chuck.lex(322,1): warning C4267: '=': conversion from 'size_t' to 'int', possible loss of data
  (compiling source file '../core/chuck_yacc.c')
  
\chuck.lex(323,1): warning C4267: '=': conversion from 'size_t' to 'int', possible loss of data
  (compiling source file '../core/chuck_yacc.c')
  
\chuck.lex(324,1): warning C4267: '=': conversion from 'size_t' to 'int', possible loss of data
  (compiling source file '../core/chuck_yacc.c')
  
\chuck.lex(325,1): warning C4267: '=': conversion from 'size_t' to 'int', possible loss of data
  (compiling source file '../core/chuck_yacc.c')
  
\chuck.lex(326,1): warning C4267: '=': conversion from 'size_t' to 'int', possible loss of data
  (compiling source file '../core/chuck_yacc.c')
  
\chuck.lex(327,1): warning C4267: '=': conversion from 'size_t' to 'int', possible loss of data
  (compiling source file '../core/chuck_yacc.c')
  
\chuck.lex(328,1): warning C4267: '=': conversion from 'size_t' to 'int', possible loss of data
  (compiling source file '../core/chuck_yacc.c')
  
\chuck.lex(329,1): warning C4267: '=': conversion from 'size_t' to 'int', possible loss of data
  (compiling source file '../core/chuck_yacc.c')
  
\chuck.lex(330,1): warning C4267: '=': conversion from 'size_t' to 'int', possible loss of data
  (compiling source file '../core/chuck_yacc.c')
  
\chuck.lex(331,1): warning C4267: '=': conversion from 'size_t' to 'int', possible loss of data
  (compiling source file '../core/chuck_yacc.c')
  
\chuck.lex(332,1): warning C4267: '=': conversion from 'size_t' to 'int', possible loss of data
  (compiling source file '../core/chuck_yacc.c')
  
\chuck.lex(333,1): warning C4267: '=': conversion from 'size_t' to 'int', possible loss of data
  (compiling source file '../core/chuck_yacc.c')
  
\chuck.lex(334,1): warning C4267: '=': conversion from 'size_t' to 'int', possible loss of data
  (compiling source file '../core/chuck_yacc.c')
  
\chuck.lex(335,1): warning C4267: '=': conversion from 'size_t' to 'int', possible loss of data
  (compiling source file '../core/chuck_yacc.c')
  
\chuck.lex(336,1): warning C4267: '=': conversion from 'size_t' to 'int', possible loss of data
  (compiling source file '../core/chuck_yacc.c')
  
\chuck.lex(337,1): warning C4267: '=': conversion from 'size_t' to 'int', possible loss of data
  (compiling source file '../core/chuck_yacc.c')
  
\chuck.lex(338,1): warning C4267: '=': conversion from 'size_t' to 'int', possible loss of data
  (compiling source file '../core/chuck_yacc.c')
  
\chuck.lex(339,1): warning C4267: '=': conversion from 'size_t' to 'int', possible loss of data
  (compiling source file '../core/chuck_yacc.c')
  
\chuck.lex(340,1): warning C4267: '=': conversion from 'size_t' to 'int', possible loss of data
  (compiling source file '../core/chuck_yacc.c')
  
\chuck.lex(341,1): warning C4267: '=': conversion from 'size_t' to 'int', possible loss of data
  (compiling source file '../core/chuck_yacc.c')
  
\chuck.lex(342,1): warning C4267: '=': conversion from 'size_t' to 'int', possible loss of data
  (compiling source file '../core/chuck_yacc.c')
  
\chuck.lex(343,1): warning C4267: '=': conversion from 'size_t' to 'int', possible loss of data
  (compiling source file '../core/chuck_yacc.c')
  
\chuck.lex(345,1): warning C4267: '=': conversion from 'size_t' to 'int', possible loss of data
  (compiling source file '../core/chuck_yacc.c')
  
\chuck.lex(347,1): warning C4267: '=': conversion from 'size_t' to 'int', possible loss of data
  (compiling source file '../core/chuck_yacc.c')
  
\chuck.lex(348,1): warning C4267: '=': conversion from 'size_t' to 'int', possible loss of data
  (compiling source file '../core/chuck_yacc.c')
  
\chuck.lex(349,1): warning C4267: '=': conversion from 'size_t' to 'int', possible loss of data
  (compiling source file '../core/chuck_yacc.c')
  
\chuck.lex(350,1): warning C4267: '=': conversion from 'size_t' to 'int', possible loss of data
  (compiling source file '../core/chuck_yacc.c')
  
\chuck.lex(351,1): warning C4267: '=': conversion from 'size_t' to 'int', possible loss of data
  (compiling source file '../core/chuck_yacc.c')
  
\chuck.lex(352,1): warning C4267: '=': conversion from 'size_t' to 'int', possible loss of data
  (compiling source file '../core/chuck_yacc.c')
  
\chuck.lex(353,1): warning C4267: '=': conversion from 'size_t' to 'int', possible loss of data
  (compiling source file '../core/chuck_yacc.c')
  
\chuck.lex(354,1): warning C4267: '=': conversion from 'size_t' to 'int', possible loss of data
  (compiling source file '../core/chuck_yacc.c')
  
\chuck.lex(355,1): warning C4267: '=': conversion from 'size_t' to 'int', possible loss of data
  (compiling source file '../core/chuck_yacc.c')
  
\chuck.lex(356,1): warning C4267: '=': conversion from 'size_t' to 'int', possible loss of data
  (compiling source file '../core/chuck_yacc.c')
  
\chuck.lex(357,1): warning C4267: '=': conversion from 'size_t' to 'int', possible loss of data
  (compiling source file '../core/chuck_yacc.c')
  
\chuck.lex(358,1): warning C4267: '=': conversion from 'size_t' to 'int', possible loss of data
  (compiling source file '../core/chuck_yacc.c')
  
\chuck.lex(359,1): warning C4267: '=': conversion from 'size_t' to 'int', possible loss of data
  (compiling source file '../core/chuck_yacc.c')
  
\chuck.lex(360,1): warning C4267: '=': conversion from 'size_t' to 'int', possible loss of data
  (compiling source file '../core/chuck_yacc.c')
  
\chuck.lex(361,1): warning C4267: '=': conversion from 'size_t' to 'int', possible loss of data
  (compiling source file '../core/chuck_yacc.c')
  
\chuck.lex(362,1): warning C4267: '=': conversion from 'size_t' to 'int', possible loss of data
  (compiling source file '../core/chuck_yacc.c')
  
\chuck.lex(363,1): warning C4267: '=': conversion from 'size_t' to 'int', possible loss of data
  (compiling source file '../core/chuck_yacc.c')
  
\chuck.lex(365,1): warning C4267: '=': conversion from 'size_t' to 'int', possible loss of data
  (compiling source file '../core/chuck_yacc.c')
  
\chuck.lex(366,1): warning C4267: '=': conversion from 'size_t' to 'int', possible loss of data
  (compiling source file '../core/chuck_yacc.c')
  
\chuck.lex(367,1): warning C4267: '=': conversion from 'size_t' to 'int', possible loss of data
  (compiling source file '../core/chuck_yacc.c')
  
\chuck.lex(368,1): warning C4267: '=': conversion from 'size_t' to 'int', possible loss of data
  (compiling source file '../core/chuck_yacc.c')
  
\chuck.lex(369,1): warning C4267: '=': conversion from 'size_t' to 'int', possible loss of data
  (compiling source file '../core/chuck_yacc.c')
  
\chuck.lex(370,1): warning C4267: '=': conversion from 'size_t' to 'int', possible loss of data
  (compiling source file '../core/chuck_yacc.c')
  
\chuck.lex(371,1): warning C4267: '=': conversion from 'size_t' to 'int', possible loss of data
  (compiling source file '../core/chuck_yacc.c')
  
\chuck.lex(372,1): warning C4267: '=': conversion from 'size_t' to 'int', possible loss of data
  (compiling source file '../core/chuck_yacc.c')
  
\chuck.lex(373,1): warning C4267: '=': conversion from 'size_t' to 'int', possible loss of data
  (compiling source file '../core/chuck_yacc.c')
  
\chuck.lex(374,1): warning C4267: '=': conversion from 'size_t' to 'int', possible loss of data
  (compiling source file '../core/chuck_yacc.c')
  
\chuck.lex(375,1): warning C4267: '=': conversion from 'size_t' to 'int', possible loss of data
  (compiling source file '../core/chuck_yacc.c')
  
\chuck.lex(376,1): warning C4267: '=': conversion from 'size_t' to 'int', possible loss of data
  (compiling source file '../core/chuck_yacc.c')
  
\chuck.lex(377,1): warning C4267: '=': conversion from 'size_t' to 'int', possible loss of data
  (compiling source file '../core/chuck_yacc.c')
  
\chuck.lex(378,1): warning C4267: '=': conversion from 'size_t' to 'int', possible loss of data
  (compiling source file '../core/chuck_yacc.c')
  
\chuck.lex(379,1): warning C4267: '=': conversion from 'size_t' to 'int', possible loss of data
  (compiling source file '../core/chuck_yacc.c')
  
\chuck.lex(380,1): warning C4267: '=': conversion from 'size_t' to 'int', possible loss of data
  (compiling source file '../core/chuck_yacc.c')
  
\chuck.lex(381,1): warning C4267: '=': conversion from 'size_t' to 'int', possible loss of data
  (compiling source file '../core/chuck_yacc.c')
  
\chuck.lex(382,1): warning C4267: '=': conversion from 'size_t' to 'int', possible loss of data
  (compiling source file '../core/chuck_yacc.c')
  
\chuck.lex(383,1): warning C4267: '=': conversion from 'size_t' to 'int', possible loss of data
  (compiling source file '../core/chuck_yacc.c')
  
\chuck.lex(384,1): warning C4267: '=': conversion from 'size_t' to 'int', possible loss of data
  (compiling source file '../core/chuck_yacc.c')
  
\chuck.lex(385,1): warning C4267: '=': conversion from 'size_t' to 'int', possible loss of data
  (compiling source file '../core/chuck_yacc.c')
  
\chuck.lex(386,1): warning C4267: '=': conversion from 'size_t' to 'int', possible loss of data
  (compiling source file '../core/chuck_yacc.c')
  
\chuck.lex(387,1): warning C4267: '=': conversion from 'size_t' to 'int', possible loss of data
  (compiling source file '../core/chuck_yacc.c')
  
\chuck.lex(388,1): warning C4267: '=': conversion from 'size_t' to 'int', possible loss of data
  (compiling source file '../core/chuck_yacc.c')
  
\chuck.lex(389,1): warning C4267: '=': conversion from 'size_t' to 'int', possible loss of data
  (compiling source file '../core/chuck_yacc.c')
  
\chuck.lex(390,1): warning C4267: '=': conversion from 'size_t' to 'int', possible loss of data
  (compiling source file '../core/chuck_yacc.c')
  
\chuck.lex(391,1): warning C4267: '=': conversion from 'size_t' to 'int', possible loss of data
  (compiling source file '../core/chuck_yacc.c')
  
\chuck.lex(392,1): warning C4267: '=': conversion from 'size_t' to 'int', possible loss of data
  (compiling source file '../core/chuck_yacc.c')
  
\chuck.lex(393,1): warning C4267: '=': conversion from 'size_t' to 'int', possible loss of data
  (compiling source file '../core/chuck_yacc.c')
  
\chuck.lex(395,1): warning C4267: '=': conversion from 'size_t' to 'int', possible loss of data
  (compiling source file '../core/chuck_yacc.c')
  
\chuck.lex(397,1): warning C4267: '=': conversion from 'size_t' to 'int', possible loss of data
  (compiling source file '../core/chuck_yacc.c')
  
\chuck.lex(398,1): warning C4267: '=': conversion from 'size_t' to 'int', possible loss of data
  (compiling source file '../core/chuck_yacc.c')
  
\chuck.lex(399,1): warning C4267: '=': conversion from 'size_t' to 'int', possible loss of data
  (compiling source file '../core/chuck_yacc.c')
  
\chuck.lex(401,1): warning C4267: '=': conversion from 'size_t' to 'int', possible loss of data
  (compiling source file '../core/chuck_yacc.c')
  
\chuck.lex(402,1): warning C4267: '=': conversion from 'size_t' to 'int', possible loss of data
  (compiling source file '../core/chuck_yacc.c')
  
\chuck.lex(404,1): warning C4267: '=': conversion from 'size_t' to 'int', possible loss of data
  (compiling source file '../core/chuck_yacc.c')
  
\chuck.lex(406,1): warning C4267: '=': conversion from 'size_t' to 'int', possible loss of data
  (compiling source file '../core/chuck_yacc.c')
  
\chuck.lex(407,1): warning C4267: '=': conversion from 'size_t' to 'int', possible loss of data
  (compiling source file '../core/chuck_yacc.c')
  
\chuck.lex(407,1): warning C4267: '=': conversion from 'size_t' to 'int', possible loss of data
  (compiling source file '../core/chuck_yacc.c')
  
\chuck.lex(409,1): warning C4267: '=': conversion from 'size_t' to 'int', possible loss of data
  (compiling source file '../core/chuck_yacc.c')
  
  util_network.c
  util_raw.c
  util_sndfile.c
C:\Users\carpe\Documents\git\chuck-math.sh\src\core\util_sndfile.c(3966,25): warning C4267: '-=': conversion from 'size_t' to 'int', possible loss of data
C:\Users\carpe\Documents\git\chuck-math.sh\src\core\util_sndfile.c(4188,11): warning C4267: '=': conversion from 'size_t' to 'int', possible loss of data
C:\Users\carpe\Documents\git\chuck-math.sh\src\core\util_sndfile.c(4199,19): warning C4267: '=': conversion from 'size_t' to 'int', possible loss of data
C:\Users\carpe\Documents\git\chuck-math.sh\src\core\util_sndfile.c(4426,8): warning C4293: '>>': shift count negative or too big, undefined behavior
C:\Users\carpe\Documents\git\chuck-math.sh\src\core\util_sndfile.c(4430,8): warning C4293: '>>': shift count negative or too big, undefined behavior
C:\Users\carpe\Documents\git\chuck-math.sh\src\core\util_sndfile.c(4471,8): warning C4267: '=': conversion from 'size_t' to 'unsigned char', possible loss of data
C:\Users\carpe\Documents\git\chuck-math.sh\src\core\util_sndfile.c(4474,8): warning C4267: '=': conversion from 'size_t' to 'unsigned char', possible loss of data
C:\Users\carpe\Documents\git\chuck-math.sh\src\core\util_sndfile.c(4477,24): warning C4267: '+=': conversion from 'size_t' to 'int', possible loss of data
C:\Users\carpe\Documents\git\chuck-math.sh\src\core\util_sndfile.c(4479,17): warning C4267: '+=': conversion from 'size_t' to 'int', possible loss of data
C:\Users\carpe\Documents\git\chuck-math.sh\src\core\util_sndfile.c(4486,24): warning C4267: '+=': conversion from 'size_t' to 'int', possible loss of data
C:\Users\carpe\Documents\git\chuck-math.sh\src\core\util_sndfile.c(4487,15): warning C4267: '+=': conversion from 'size_t' to 'int', possible loss of data
C:\Users\carpe\Documents\git\chuck-math.sh\src\core\util_sndfile.c(4494,24): warning C4267: '+=': conversion from 'size_t' to 'int', possible loss of data
C:\Users\carpe\Documents\git\chuck-math.sh\src\core\util_sndfile.c(4495,15): warning C4267: '+=': conversion from 'size_t' to 'int', possible loss of data
C:\Users\carpe\Documents\git\chuck-math.sh\src\core\util_sndfile.c(4500,15): warning C4267: '+=': conversion from 'size_t' to 'int', possible loss of data
C:\Users\carpe\Documents\git\chuck-math.sh\src\core\util_sndfile.c(4517,24): warning C4267: '+=': conversion from 'size_t' to 'int', possible loss of data
C:\Users\carpe\Documents\git\chuck-math.sh\src\core\util_sndfile.c(4518,14): warning C4267: '=': conversion from 'size_t' to 'int', possible loss of data
C:\Users\carpe\Documents\git\chuck-math.sh\src\core\util_sndfile.c(6954,19): warning C4305: '=': truncation from '__int64' to 'sf_count_t'
C:\Users\carpe\Documents\git\chuck-math.sh\src\core\util_sndfile.c(7975,52): warning C4477: '_snprintf' : format string '%s' requires an argument of type 'char *', but variadic argument 1 has type 'LPVOID'
C:\Users\carpe\Documents\git\chuck-math.sh\src\core\util_sndfile.c(8244,22): warning C4047: '=': 'int' differs in levels of indirection from 'HANDLE'
C:\Users\carpe\Documents\git\chuck-math.sh\src\core\util_sndfile.c(11989,21): warning C4273: 'free': inconsistent dll linkage
      C:\Program Files (x86)\Windows Kits\10\Include\10.0.26100.0\ucrt\corecrt_malloc.h(89,14):
      see previous definition of 'free'
  
C:\Users\carpe\Documents\git\chuck-math.sh\src\core\util_sndfile.c(22045,19): warning C4267: '=': conversion from 'size_t' to 'int', possible loss of data
C:\Users\carpe\Documents\git\chuck-math.sh\src\core\util_sndfile.c(27043,21): warning C4305: '=': truncation from '__int64' to 'sf_count_t'
C:\Users\carpe\Documents\git\chuck-math.sh\src\core\util_sndfile.c(27309,12): warning C4267: '=': conversion from 'size_t' to 'int', possible loss of data
C:\Users\carpe\Documents\git\chuck-math.sh\src\core\util_sndfile.c(30891,22): warning C4305: '=': truncation from '__int64' to 'sf_count_t'
C:\Users\carpe\Documents\git\chuck-math.sh\src\core\util_sndfile.c(31168,18): warning C4267: '+=': conversion from 'size_t' to 'sf_count_t', possible loss of data
C:\Users\carpe\Documents\git\chuck-math.sh\src\core\util_sndfile.c(31182,18): warning C4267: '+=': conversion from 'size_t' to 'sf_count_t', possible loss of data
C:\Users\carpe\Documents\git\chuck-math.sh\src\core\util_sndfile.c(31197,18): warning C4267: '+=': conversion from 'size_t' to 'sf_count_t', possible loss of data
C:\Users\carpe\Documents\git\chuck-math.sh\src\core\util_sndfile.c(31212,18): warning C4267: '+=': conversion from 'size_t' to 'sf_count_t', possible loss of data
C:\Users\carpe\Documents\git\chuck-math.sh\src\core\util_sndfile.c(31235,19): warning C4267: '+=': conversion from 'size_t' to 'sf_count_t', possible loss of data
C:\Users\carpe\Documents\git\chuck-math.sh\src\core\util_sndfile.c(31261,19): warning C4267: '+=': conversion from 'size_t' to 'sf_count_t', possible loss of data
C:\Users\carpe\Documents\git\chuck-math.sh\src\core\util_sndfile.c(31287,19): warning C4267: '+=': conversion from 'size_t' to 'sf_count_t', possible loss of data
  util_xforms.c
  Generating Code...
chuck.obj : warning LNK4075: ignoring '/EDITANDCONTINUE' due to '/INCREMENTAL:NO' specification
     Creating library C:\Users\carpe\Documents\git\chuck-math.sh\src\visual-studio\x64\Debug\chuck.lib and object C:\Users\carpe\Documents\git\chuck-math.sh\src\visual-studio\x64\Debug\chuck.exp
  chuck.vcxproj -> C:\Users\carpe\Documents\git\chuck-math.sh\src\visual-studio\x64\Debug\chuck.exe
